
 Ansys Mechanical Enterprise Academic Student      


 *------------------------------------------------------------------*
 |                                                                  |
 |   W E L C O M E   T O   T H E   A N S Y S (R)  P R O G R A M     |
 |                                                                  |
 *------------------------------------------------------------------*




 ***************************************************************
 *            ANSYS 2021 R2          LEGAL NOTICES             *
 ***************************************************************
 *                                                             *
 * Copyright 1971-2021 ANSYS, Inc.  All rights reserved.       *
 * Unauthorized use, distribution or duplication is            *
 * prohibited.                                                 *
 *                                                             *
 * Ansys is a registered trademark of ANSYS, Inc. or its       *
 * subsidiaries in the United States or other countries.       *
 * See the ANSYS, Inc. online documentation or the ANSYS, Inc. *
 * documentation CD or online help for the complete Legal      *
 * Notice.                                                     *
 *                                                             *
 ***************************************************************
 *                                                             *
 * THIS ANSYS SOFTWARE PRODUCT AND PROGRAM DOCUMENTATION       *
 * INCLUDE TRADE SECRETS AND CONFIDENTIAL AND PROPRIETARY      *
 * PRODUCTS OF ANSYS, INC., ITS SUBSIDIARIES, OR LICENSORS.    *
 * The software products and documentation are furnished by    *
 * ANSYS, Inc. or its subsidiaries under a software license    *
 * agreement that contains provisions concerning               *
 * non-disclosure, copying, length and nature of use,          *
 * compliance with exporting laws, warranties, disclaimers,    *
 * limitations of liability, and remedies, and other           *
 * provisions.  The software products and documentation may be *
 * used, disclosed, transferred, or copied only in accordance  *
 * with the terms and conditions of that software license      *
 * agreement.                                                  *
 *                                                             *
 * ANSYS, Inc. is a UL registered                              *
 * ISO 9001:2015 company.                                      *
 *                                                             *
 ***************************************************************
 *                                                             *
 * This product is subject to U.S. laws governing export and   *
 * re-export.                                                  *
 *                                                             *
 * For U.S. Government users, except as specifically granted   *
 * by the ANSYS, Inc. software license agreement, the use,     *
 * duplication, or disclosure by the United States Government  *
 * is subject to restrictions stated in the ANSYS, Inc.        *
 * software license agreement and FAR 12.212 (for non-DOD      *
 * licenses).                                                  *
 *                                                             *
 ***************************************************************

 2021 R2 
     
 Point Releases and Patches installed:   
     
 Academic Student 2021 R2
 Aqwa 2021 R2
 EnSight 2021 R2 
 FENSAP-ICE 2021 R2  


          *****  ANSYS COMMAND LINE ARGUMENTS  *****
  BATCH MODE REQUESTED (-b)    = NOLIST
  INPUT FILE COPY MODE (-c)    = COPY
  DISTRIBUTED MEMORY PARALLEL REQUESTED
       2 PARALLEL PROCESSES REQUESTED WITH SINGLE THREAD PER PROCESS
    TOTAL OF     2 CORES REQUESTED
  INPUT FILE NAME              = C:\Users\mkkad\Desktop\BE 4312\Homeworks and assignments\Project 2\_ProjectScratch\Scr2F69\dummy.dat
  OUTPUT FILE NAME             = C:\Users\mkkad\Desktop\BE 4312\Homeworks and assignments\Project 2\_ProjectScratch\Scr2F69\solve.out
  START-UP FILE MODE           = NOREAD
  STOP FILE MODE               = NOREAD

 RELEASE= 2021 R2              BUILD= 21.2      UP20210601   VERSION=WINDOWS x64 
 CURRENT JOBNAME=file0  15:12:11  NOV 19, 2021 CP=      0.375


 PARAMETER _DS_PROGRESS =     999.0000000    

 /INPUT FILE= ds.dat  LINE=       0



 *** NOTE ***                            CP =       0.547   TIME= 15:12:12
 The /CONFIG,NOELDB command is not valid in a Distributed ANSYS          
 solution.  Command is ignored.                                          

 *GET  _WALLSTRT  FROM  ACTI  ITEM=TIME WALL  VALUE=  15.2033333    

 TITLE= 
 November 18th project_2_2--Static Structural (A5)                             

  ACT Extensions:
      LSDYNA, 2021.1
      5f463412-bd3e-484b-87e7-cbc0a665e474, wbex
  

 SET PARAMETER DIMENSIONS ON  _WB_PROJECTSCRATCH_DIR
  TYPE=STRI  DIMENSIONS=      248        1        1

 PARAMETER _WB_PROJECTSCRATCH_DIR(1) = C:\Users\mkkad\Desktop\BE 4312\Homeworks and assignments\Project 2\_ProjectScratch\Scr2F69\

 SET PARAMETER DIMENSIONS ON  _WB_SOLVERFILES_DIR
  TYPE=STRI  DIMENSIONS=      248        1        1

 PARAMETER _WB_SOLVERFILES_DIR(1) = C:\Users\mkkad\Desktop\BE 4312\Homeworks and assignments\Project 2\November 18th project_2_2_files\dp0\SYS\MECH\

 SET PARAMETER DIMENSIONS ON  _WB_USERFILES_DIR
  TYPE=STRI  DIMENSIONS=      248        1        1

 PARAMETER _WB_USERFILES_DIR(1) = C:\Users\mkkad\Desktop\BE 4312\Homeworks and assignments\Project 2\November 18th project_2_2_files\user_files\
 --- Data in consistent NMM units. See Solving Units in the help system for more

 MPA UNITS SPECIFIED FOR INTERNAL    
  LENGTH      = MILLIMETERS (mm)
  MASS        = TONNE (Mg)
  TIME        = SECONDS (sec)
  TEMPERATURE = CELSIUS (C)
  TOFFSET     = 273.0
  FORCE       = NEWTON (N)
  HEAT        = MILLIJOULES (mJ)

 INPUT  UNITS ARE ALSO SET TO MPA 

 *** ANSYS - ENGINEERING ANALYSIS SYSTEM  RELEASE 2021 R2          21.2     ***
 DISTRIBUTED Ansys Mechanical Enterprise Academic Student      

 00000000  VERSION=WINDOWS x64   15:12:12  NOV 19, 2021 CP=      0.562

 November 18th project_2_2--Static Structural (A5)                             



          ***** ANSYS ANALYSIS DEFINITION (PREP7) *****
 *********** Nodes for the whole assembly ***********
 *********** Elements for Body 1 "Solid" ***********
 *********** Send User Defined Coordinate System(s) ***********
 *********** Set Reference Temperature ***********
 *********** Send Materials ***********
 *********** Fixed Supports ***********
 ********* Frictionless Supports Z *********
 *********** Define Pressure Using Surface Effect Elements "Pressure" **********


 ***** ROUTINE COMPLETED *****  CP =         1.469


 --- Number of total nodes = 81041
 --- Number of contact elements = 2173
 --- Number of spring elements = 0
 --- Number of bearing elements = 0
 --- Number of solid elements = 19208
 --- Number of condensed parts = 0
 --- Number of total elements = 21381

 *GET  _WALLBSOL  FROM  ACTI  ITEM=TIME WALL  VALUE=  15.2033333    
 ****************************************************************************
 *************************    SOLUTION       ********************************
 ****************************************************************************

 *****  ANSYS SOLUTION ROUTINE  *****


 PERFORM A STATIC ANALYSIS
  THIS WILL BE A NEW ANALYSIS

 PARAMETER _THICKRATIO =     1.000000000    

 USE PRECONDITIONED CONJUGATE GRADIENT SOLVER
  CONVERGENCE TOLERANCE = 1.00000E-08
  MAXIMUM ITERATION     = NumNode*DofPerNode*  1.0000    

 CONTACT INFORMATION PRINTOUT LEVEL       1

 DO NOT COMBINE ELEMENT MATRIX FILES (.emat) AFTER DISTRIBUTED PARALLEL SOLUTION

 DO NOT COMBINE ELEMENT SAVE DATA FILES (.esav) AFTER DISTRIBUTED PARALLEL SOLUTION

 NLDIAG: Nonlinear diagnostics CONT option is set to ON. 
         Writing frequency : each ITERATION.

 DO NOT SAVE ANY RESTART FILES AT ALL
 ****************************************************
 ******************* SOLVE FOR LS 1 OF 1 ****************

 SELECT       FOR ITEM=TYPE COMPONENT=    
  IN RANGE         3 TO          3 STEP          1

       2173  ELEMENTS (OF      21381  DEFINED) SELECTED BY  ESEL  COMMAND.

 SELECT      ALL NODES HAVING ANY ELEMENT IN ELEMENT SET.

       6759 NODES (OF      81041  DEFINED) SELECTED FROM
     2173 SELECTED ELEMENTS BY NSLE COMMAND.

 GENERATE SURFACE LOAD PRES ON SURFACE DEFINED BY ALL SELECTED NODES
 VALUES= 0.180000000      0.00000000    

 NUMBER OF PRES ELEMENT FACE LOADS STORED =       2173

 ALL SELECT   FOR ITEM=NODE COMPONENT=    
  IN RANGE         1 TO      81041 STEP          1

      81041  NODES (OF      81041  DEFINED) SELECTED BY NSEL  COMMAND.

 ALL SELECT   FOR ITEM=ELEM COMPONENT=    
  IN RANGE         1 TO      32127 STEP          1

      21381  ELEMENTS (OF      21381  DEFINED) SELECTED BY  ESEL  COMMAND.

 ALL SELECT   FOR ITEM=ELEM COMPONENT=    
  IN RANGE         1 TO      32127 STEP          1

      21381  ELEMENTS (OF      21381  DEFINED) SELECTED BY  ESEL  COMMAND.

 PRINTOUT RESUMED BY /GOP

 USE       1 SUBSTEPS INITIALLY THIS LOAD STEP FOR ALL  DEGREES OF FREEDOM
 FOR AUTOMATIC TIME STEPPING:
   USE      1 SUBSTEPS AS A MAXIMUM
   USE      1 SUBSTEPS AS A MINIMUM

 TIME=  1.0000    

 ERASE THE CURRENT DATABASE OUTPUT CONTROL TABLE.


 WRITE ALL  ITEMS TO THE DATABASE WITH A FREQUENCY OF NONE
   FOR ALL APPLICABLE ENTITIES

 WRITE NSOL ITEMS TO THE DATABASE WITH A FREQUENCY OF ALL 
   FOR ALL APPLICABLE ENTITIES

 WRITE RSOL ITEMS TO THE DATABASE WITH A FREQUENCY OF ALL 
   FOR ALL APPLICABLE ENTITIES

 WRITE EANG ITEMS TO THE DATABASE WITH A FREQUENCY OF ALL 
   FOR ALL APPLICABLE ENTITIES

 WRITE ETMP ITEMS TO THE DATABASE WITH A FREQUENCY OF ALL 
   FOR ALL APPLICABLE ENTITIES

 WRITE VENG ITEMS TO THE DATABASE WITH A FREQUENCY OF ALL 
   FOR ALL APPLICABLE ENTITIES

 WRITE STRS ITEMS TO THE DATABASE WITH A FREQUENCY OF ALL 
   FOR ALL APPLICABLE ENTITIES

 WRITE EPEL ITEMS TO THE DATABASE WITH A FREQUENCY OF ALL 
   FOR ALL APPLICABLE ENTITIES

 WRITE EPPL ITEMS TO THE DATABASE WITH A FREQUENCY OF ALL 
   FOR ALL APPLICABLE ENTITIES

 WRITE CONT ITEMS TO THE DATABASE WITH A FREQUENCY OF ALL 
   FOR ALL APPLICABLE ENTITIES

 *GET  ANSINTER_  FROM  ACTI  ITEM=INT        VALUE=  0.00000000    

 *IF  ANSINTER_                         ( =   0.00000     )  NE  
      0                                 ( =   0.00000     )  THEN    

 *ENDIF

 *** NOTE ***                            CP =       1.594   TIME= 15:12:13
 The automatic domain decomposition logic has selected the MESH domain   
 decomposition method with 2 processes per solution.                     

 *****  ANSYS SOLVE    COMMAND  *****

 *** WARNING ***                         CP =       1.656   TIME= 15:12:13
 Element shape checking is currently inactive.  Issue SHPP,ON or         
 SHPP,WARN to reactivate, if desired.                                    

 *** NOTE ***                            CP =       2.062   TIME= 15:12:13
 The model data was checked and warning messages were found.             
  Please review output or errors file ( C:\Users\mkkad\Desktop\BE        
 4312\Homeworks and assignments\Project                                  
 2\_ProjectScratch\Scr2F69\file0.err ) for these warning messages.       

 *** SELECTION OF ELEMENT TECHNOLOGIES FOR APPLICABLE ELEMENTS ***
      --- GIVE SUGGESTIONS AND RESET THE KEY OPTIONS ---

 ELEMENT TYPE         1 IS SOLID187. IT IS NOT ASSOCIATED WITH FULLY INCOMPRESSIBLE
 HYPERELASTIC MATERIALS. NO SUGGESTION IS AVAILABLE AND NO RESETTING IS NEEDED.

 ELEMENT TYPE         2 IS SOLID186. KEYOPT(2)=0 IS SUGGESTED AND HAS BEEN RESET.
  KEYOPT(1-12)=    0    0    0    0    0    0    0    0    0    0    0    0



 *** ANSYS - ENGINEERING ANALYSIS SYSTEM  RELEASE 2021 R2          21.2     ***
 DISTRIBUTED Ansys Mechanical Enterprise Academic Student      

 00000000  VERSION=WINDOWS x64   15:12:13  NOV 19, 2021 CP=      2.078

 November 18th project_2_2--Static Structural (A5)                             



                       S O L U T I O N   O P T I O N S

   PROBLEM DIMENSIONALITY. . . . . . . . . . . . .3-D                  
   DEGREES OF FREEDOM. . . . . . UX   UY   UZ  
   ANALYSIS TYPE . . . . . . . . . . . . . . . . .STATIC (STEADY-STATE)
   OFFSET TEMPERATURE FROM ABSOLUTE ZERO . . . . .  273.15    
   EQUATION SOLVER OPTION. . . . . . . . . . . . .PCG                
      TOLERANCE. . . . . . . . . . . . . . . . . . 1.00000E-08
   GLOBALLY ASSEMBLED MATRIX . . . . . . . . . . .SYMMETRIC  

 *** WARNING ***                         CP =       2.109   TIME= 15:12:13
 Material number 3 (used by element 29955) should normally have at least 
 one MP or one TB type command associated with it.  Output of energy by  
 material may not be available.                                          

 *** NOTE ***                            CP =       2.141   TIME= 15:12:13
 The step data was checked and warning messages were found.              
  Please review output or errors file ( C:\Users\mkkad\Desktop\BE        
 4312\Homeworks and assignments\Project                                  
 2\_ProjectScratch\Scr2F69\file0.err ) for these warning messages.       

 *** NOTE ***                            CP =       2.141   TIME= 15:12:13
 The conditions for direct assembly have been met.  No .emat or .erot    
 files will be produced.                                                 

  
  
     D I S T R I B U T E D   D O M A I N   D E C O M P O S E R
  
  ...Number of elements: 21381
  ...Number of nodes:    81041
  ...Decompose to 2 CPU domains
  ...Element load balance ratio =     1.024


                      L O A D   S T E P   O P T I O N S

   LOAD STEP NUMBER. . . . . . . . . . . . . . . .     1
   TIME AT END OF THE LOAD STEP. . . . . . . . . .  1.0000    
   NUMBER OF SUBSTEPS. . . . . . . . . . . . . . .     1
   STEP CHANGE BOUNDARY CONDITIONS . . . . . . . .    NO
   PRINT OUTPUT CONTROLS . . . . . . . . . . . . .NO PRINTOUT
   DATABASE OUTPUT CONTROLS
      ITEM     FREQUENCY   COMPONENT
       ALL       NONE               
      NSOL        ALL               
      RSOL        ALL               
      EANG        ALL               
      ETMP        ALL               
      VENG        ALL               
      STRS        ALL               
      EPEL        ALL               
      EPPL        ALL               
      CONT        ALL               


 SOLUTION MONITORING INFO IS WRITTEN TO FILE= file.mntr                                                                                                                                                                                                                                                           


 *** NOTE ***                            CP =       2.672   TIME= 15:12:14
 The PCG solver has automatically set the level of difficulty for this   
 model to 1.                                                             


                         ***********  PRECISE MASS SUMMARY  ***********

   TOTAL RIGID BODY MASS MATRIX ABOUT ORIGIN
               Translational mass               |   Coupled translational/rotational mass
        0.13201E-04    0.0000        0.0000     |     0.0000      -0.35209E-04  -0.33001E-04
         0.0000       0.13201E-04    0.0000     |    0.35209E-04    0.0000       0.55081E-03
         0.0000        0.0000       0.13201E-04 |    0.33001E-04  -0.55081E-03    0.0000    
     ------------------------------------------ | ------------------------------------------
                                                |         Rotational mass (inertia)
                                                |    0.23313E-03  -0.13770E-02   0.14539E-02
                                                |   -0.13770E-02   0.30615E-01   0.88022E-04
                                                |    0.14539E-02   0.88022E-04   0.30601E-01

   TOTAL MASS = 0.13201E-04
     The mass principal axes coincide with the global Cartesian axes

   CENTER OF MASS (X,Y,Z)=    41.726        2.5000       -2.6672    

   TOTAL INERTIA ABOUT CENTER OF MASS
        0.56720E-04  -0.20093E-09  -0.15205E-04
       -0.20093E-09   0.75379E-02  -0.46594E-10
       -0.15205E-04  -0.46594E-10   0.75348E-02

   PRINCIPAL INERTIAS =   0.56689E-04   0.75379E-02   0.75348E-02
   ORIENTATION VECTORS OF THE INERTIA PRINCIPAL AXES IN GLOBAL CARTESIAN
     ( 1.000, 0.000, 0.002) ( 0.000, 1.000,-0.000) (-0.002, 0.000, 1.000) 


  *** MASS SUMMARY BY ELEMENT TYPE ***

  TYPE      MASS
     1  0.170177E-06
     2  0.130304E-04

 Range of element maximum matrix coefficients in global coordinates
 Maximum = 7140944.46 at element 17285.                                  
 Minimum = 33753.9783 at element 716.                                    

   *** ELEMENT MATRIX FORMULATION TIMES
     TYPE    NUMBER   ENAME      TOTAL CP  AVE CP

        1      1302  SOLID187      0.297   0.000228
        2     17906  SOLID186      5.969   0.000333
        3      2173  SURF154       0.328   0.000151
 Time at end of element matrix formulation CP = 6.6875.                  
 Iteration=    10 Ratio=  0.209404     Limit=  1.000000E-08 Wall=     0.4
 Iteration=   105 Ratio=  8.191662E-04 Limit=  1.000000E-08 Wall=     5.6
 Iteration=   200 Ratio=  2.565329E-06 Limit=  1.000000E-08 Wall=    10.6

 DISTRIBUTED PCG SOLVER SOLUTION CONVERGED

 DISTRIBUTED PCG SOLVER SOLUTION STATISTICS

   NUMBER OF ITERATIONS=         301
   NUMBER OF EQUATIONS =      243123
   LEVEL OF CONVERGENCE=           1
   CALCULATED NORM     = 0.99881E-08
   SPECIFIED TOLERANCE = 0.10000E-07
   TOTAL CPU TIME (sec)=       13.84
   TOTAL WALL TIME(sec)=       17.78
   TOTAL MEMORY (GB)   =        0.18


   *** ELEMENT RESULT CALCULATION TIMES
     TYPE    NUMBER   ENAME      TOTAL CP  AVE CP

        1      1302  SOLID187      0.125   0.000096
        2     17906  SOLID186      3.047   0.000170
        3      2173  SURF154       0.109   0.000050

   *** NODAL LOAD CALCULATION TIMES
     TYPE    NUMBER   ENAME      TOTAL CP  AVE CP

        1      1302  SOLID187      0.094   0.000072
        2     17906  SOLID186      0.500   0.000028
        3      2173  SURF154       0.000   0.000000
 *** LOAD STEP     1   SUBSTEP     1  COMPLETED.    CUM ITER =      1
 *** TIME =   1.00000         TIME INC =   1.00000      NEW TRIANG MATRIX


 *** ANSYS BINARY FILE STATISTICS
  BUFFER SIZE USED= 16384
       11.500 MB WRITTEN ON RESULTS FILE: file0.rst
 *************** Write FE CONNECTORS *********

 WRITE OUT CONSTRAINT EQUATIONS TO FILE= file.ce                                                                                                                                                                                                                                                             
 ****************************************************
 *************** FINISHED SOLVE FOR LS 1 *************

 *GET  _WALLASOL  FROM  ACTI  ITEM=TIME WALL  VALUE=  15.2116667    

 PRINTOUT RESUMED BY /GOP

 *GET  _PCGITER  FROM  ACTI  ITEM=SOLU CGIT  VALUE=  301.000000    

 FINISH SOLUTION PROCESSING


 ***** ROUTINE COMPLETED *****  CP =        23.781



 *** ANSYS - ENGINEERING ANALYSIS SYSTEM  RELEASE 2021 R2          21.2     ***
 DISTRIBUTED Ansys Mechanical Enterprise Academic Student      

 00000000  VERSION=WINDOWS x64   15:12:42  NOV 19, 2021 CP=     23.797

 November 18th project_2_2--Static Structural (A5)                             



          ***** ANSYS RESULTS INTERPRETATION (POST1) *****

 *** NOTE ***                            CP =      23.797   TIME= 15:12:42
 Reading results into the database (SET command) will update the current 
 displacement and force boundary conditions in the database with the     
 values from the results file for that load set.  Note that any          
 subsequent solutions will use these values unless action is taken to    
 either SAVE the current values or not overwrite them (/EXIT,NOSAVE).    

 Set Encoding of XML File to:ISO-8859-1

 Set Output of XML File to:
     PARM,     ,     ,     ,     ,     ,     ,     ,     ,     ,     ,     ,
         ,     ,     ,     ,     ,     ,     ,

 DATABASE WRITTEN ON FILE  parm.xml                                                                                                                                                                                                                                                            

 EXIT THE ANSYS POST1 DATABASE PROCESSOR


 ***** ROUTINE COMPLETED *****  CP =        23.812



 PRINTOUT RESUMED BY /GOP

 *GET  _WALLDONE  FROM  ACTI  ITEM=TIME WALL  VALUE=  15.2116667    

 PARAMETER _PREPTIME =     0.000000000    

 PARAMETER _SOLVTIME =     30.00000000    

 PARAMETER _POSTTIME =     0.000000000    

 PARAMETER _TOTALTIM =     30.00000000    

 *GET  _DLBRATIO  FROM  ACTI  ITEM=SOLU DLBR  VALUE=  1.02432180    

 *GET  _COMBTIME  FROM  ACTI  ITEM=SOLU COMB  VALUE= 0.297032300    

 *GET  _SSMODE   FROM  ACTI  ITEM=SOLU SSMM  VALUE=  0.00000000    

 *GET  _NDOFS    FROM  ACTI  ITEM=SOLU NDOF  VALUE=  237316.000    
 --- Total number of nodes = 81041
 --- Total number of elements = 21381
 --- Element load balance ratio = 1.0243218
 --- Time to combine distributed files = 0.2970323
 --- Sparse memory mode = 0
 --- Number of DOF = 237316

 EXIT ANSYS WITHOUT SAVING DATABASE


 NUMBER OF WARNING MESSAGES ENCOUNTERED=          2
 NUMBER OF ERROR   MESSAGES ENCOUNTERED=          0

+--------- D I S T R I B U T E D   A N S Y S   S T A T I S T I C S ------------+

Release: 2021 R2            Build: 21.2       Update: UP20210601   Platform: WINDOWS x64 
Date Run: 11/19/2021   Time: 15:12     Process ID: 32640
Operating System: Windows 10  (Build: 19043)

Processor Model: Intel(R) Core(TM) i7-1065G7 CPU @ 1.30GHz

Compiler: Intel(R) FORTRAN Compiler Version 19.0.0  (Build: 20190206)
          Intel(R) C/C++ Compiler Version 19.0.0  (Build: 20190206)
          Intel(R) Math Kernel Library Version 2020.0.0 Product Build 20191125
          BLAS Library supplied by Intel(R) MKL

Number of machines requested            :    1
Total number of cores available         :    8
Number of physical cores available      :    4
Number of processes requested           :    2
Number of threads per process requested :    1
Total number of cores requested         :    2 (Distributed Memory Parallel)               
MPI Type: INTELMPI
MPI Version: Intel(R) MPI Library 2019 Update 9 for Windows* OS


GPU Acceleration: Not Requested

Job Name: file0
Input File: dummy.dat

  Core                Machine Name   Working Directory
 -----------------------------------------------------
     0             DESKTOP-KB16EJN   C:\Users\mkkad\Desktop\BE 4312\Homeworks and assignments\Project 2\_ProjectScratch\Scr2F69
     1             DESKTOP-KB16EJN   C:\Users\mkkad\Desktop\BE 4312\Homeworks and assignments\Project 2\_ProjectScratch\Scr2F69
 
Latency time from master to core     1 =    5.861 microseconds
 
Communication speed from master to core     1 =  1191.45 MB/sec

Total CPU time for main thread                    :       23.8 seconds
Total CPU time summed for all threads             :       24.0 seconds

Elapsed time spent obtaining a license            :        4.3 seconds
Elapsed time spent pre-processing model (/PREP7)  :        0.6 seconds
Elapsed time spent solution - preprocessing       :        1.5 seconds
Elapsed time spent computing solution             :       27.4 seconds
Elapsed time spent solution - postprocessing      :        0.3 seconds
Elapsed time spent post-processing model (/POST1) :        0.0 seconds
 
Equation solver used                              :            PCG (symmetric)
Equation solver computational rate                :        2.2 Gflops

Maximum total memory used                         :      491.0 MB
Maximum total memory allocated                    :     3136.0 MB
Total physical memory available                   :         16 GB

Total amount of I/O written to disk               :        0.1 GB
Total amount of I/O read from disk                :        0.0 GB

+------ E N D   D I S T R I B U T E D   A N S Y S   S T A T I S T I C S -------+


 *---------------------------------------------------------------------------*
 |                                                                           |
 |                       DISTRIBUTED ANSYS RUN COMPLETED                     |
 |                                                                           |
 |---------------------------------------------------------------------------|
 |                                                                           |
 | Ansys 2021 R2               Build 21.2         UP20210601     WINDOWS x64 |
 |                                                                           |
 |---------------------------------------------------------------------------|
 |                                                                           |
 | Database Requested(-db)  1024 MB    Scratch Memory Requested      1024 MB |
 | Maximum Database Used      46 MB    Maximum Scratch Memory Used    268 MB |
 |                                                                           |
 |---------------------------------------------------------------------------|
 |                                                                           |
 |        CP Time      (sec) =         23.953       Time  =  15:12:42        |
 |        Elapsed Time (sec) =         36.000       Date  =  11/19/2021      |
 |                                                                           |
 *---------------------------------------------------------------------------*
